<?xml version="1.0" encoding="UTF-8"?><testsuite errors="0" failures="1" name="TestOfSerenity" skipped="0" tests="4" time="0.05" timestamp="2019-06-07 08:43:46"><testcase classname="TestOfSerenity" name="Test1"/><testcase classname="TestOfSerenity" name="Test2"><failure type="java.lang.AssertionError"/><system-err>null&#13;
TestOfSerenity.test2(TestOfSerenity.java:18)&#13;
</system-err></testcase><testcase classname="TestOfSerenity" name="Test3"/><testcase classname="TestOfSerenity" name="Test4"/></testsuite>