<?xml version="1.0" encoding="UTF-8"?><testsuite errors="0" failures="1" name="TestOfSerenity" skipped="0" tests="1" time="0.04" timestamp="2019-06-06 05:51:22"><testcase classname="TestOfSerenity" name="Test2"><failure type="java.lang.AssertionError"/><system-err>null&#13;
TestOfSerenity.test2(TestOfSerenity.java:18)&#13;
</system-err></testcase></testsuite>