<?xml version="1.0" encoding="UTF-8"?><testsuite errors="0" failures="1" name="TestOfSerenity" skipped="0" tests="5" time="0.08" timestamp="2019-06-158 01:19:38"><testcase classname="TestOfSerenity" name="Test10"/><testcase classname="TestOfSerenity" name="Test1"/><testcase classname="TestOfSerenity" name="Test2"><failure type="java.lang.AssertionError"/><system-err>null&#13;
TestOfSerenity.test2(TestOfSerenity.java:20)&#13;
</system-err></testcase><testcase classname="TestOfSerenity" name="Test3"/><testcase classname="TestOfSerenity" name="Test4"/></testsuite>